2025-10-11 00:02:37,453 - __main__ - INFO - 🚀 Starting bot in polling mode...
2025-10-11 00:02:37,699 - httpx - INFO - HTTP Request: POST https://api.telegram.org/bot8242076298:AAGnHplpi7Ad4hOo9z4zTugjqcCEXLJt9to/getMe "HTTP/1.1 200 OK"
2025-10-11 00:02:37,808 - httpx - INFO - HTTP Request: POST https://api.telegram.org/bot8242076298:AAGnHplpi7Ad4hOo9z4zTugjqcCEXLJt9to/deleteWebhook "HTTP/1.1 200 OK"
2025-10-11 00:02:37,810 - telegram.ext.Application - INFO - Application started
2025-10-11 00:02:43,460 - httpx - INFO - HTTP Request: POST https://api.telegram.org/bot8242076298:AAGnHplpi7Ad4hOo9z4zTugjqcCEXLJt9to/getUpdates "HTTP/1.1 409 Conflict"
2025-10-11 00:02:43,461 - __main__ - ERROR - Exception while handling an update: Conflict: terminated by other getUpdates request; make sure that only one bot instance is running
2025-10-11 00:02:54,552 - httpx - INFO - HTTP Request: POST https://api.telegram.org/bot8242076298:AAGnHplpi7Ad4hOo9z4zTugjqcCEXLJt9to/getUpdates "HTTP/1.1 200 OK"
2025-10-11 00:02:55,481 - httpx - INFO - HTTP Request: POST https://api.telegram.org/bot8242076298:AAGnHplpi7Ad4hOo9z4zTugjqcCEXLJt9to/getUpdates "HTTP/1.1 409 Conflict"
2025-10-11 00:02:55,482 - __main__ - ERROR - Exception while handling an update: Conflict: terminated by other getUpdates request; make sure that only one bot instance is running
2025-10-11 00:03:01,361 - httpx - INFO - HTTP Request: POST https://api.telegram.org/bot8242076298:AAGnHplpi7Ad4hOo9z4zTugjqcCEXLJt9to/getUpdates "HTTP/1.1 409 Conflict"
2025-10-11 00:03:01,365 - __main__ - ERROR - Exception while handling an update: Conflict: terminated by other getUpdates request; make sure that only one bot instance is running
2025-10-11 00:03:06,320 - httpx - INFO - HTTP Request: POST https://api.telegram.org/bot8242076298:AAGnHplpi7Ad4hOo9z4zTugjqcCEXLJt9to/getUpdates "HTTP/1.1 409 Conflict"
2025-10-11 00:03:06,321 - __main__ - ERROR - Exception while handling an update: Conflict: terminated by other getUpdates request; make sure that only one bot instance is running
2025-10-11 00:03:14,290 - httpx - INFO - HTTP Request: POST https://api.telegram.org/bot8242076298:AAGnHplpi7Ad4hOo9z4zTugjqcCEXLJt9to/getUpdates "HTTP/1.1 409 Conflict"
2025-10-11 00:03:14,291 - __main__ - ERROR - Exception while handling an update: Conflict: terminated by other getUpdates request; make sure that only one bot instance is running
2025-10-11 00:03:20,793 - httpx - INFO - HTTP Request: POST https://api.telegram.org/bot8242076298:AAGnHplpi7Ad4hOo9z4zTugjqcCEXLJt9to/getUpdates "HTTP/1.1 409 Conflict"
2025-10-11 00:03:20,794 - __main__ - ERROR - Exception while handling an update: Conflict: terminated by other getUpdates request; make sure that only one bot instance is running
2025-10-11 00:03:35,197 - httpx - INFO - HTTP Request: POST https://api.telegram.org/bot8242076298:AAGnHplpi7Ad4hOo9z4zTugjqcCEXLJt9to/getUpdates "HTTP/1.1 409 Conflict"
2025-10-11 00:03:35,198 - __main__ - ERROR - Exception while handling an update: Conflict: terminated by other getUpdates request; make sure that only one bot instance is running
2025-10-11 00:03:47,660 - httpx - INFO - HTTP Request: POST https://api.telegram.org/bot8242076298:AAGnHplpi7Ad4hOo9z4zTugjqcCEXLJt9to/getUpdates "HTTP/1.1 409 Conflict"
2025-10-11 00:03:47,661 - __main__ - ERROR - Exception while handling an update: Conflict: terminated by other getUpdates request; make sure that only one bot instance is running
2025-10-11 00:04:03,380 - httpx - INFO - HTTP Request: POST https://api.telegram.org/bot8242076298:AAGnHplpi7Ad4hOo9z4zTugjqcCEXLJt9to/getUpdates "HTTP/1.1 409 Conflict"
2025-10-11 00:02025-10-11 00:04:12,073 - httpx - INFO - HTTP Request: POST https://api.telegram.org/bot8242076298:AAGnHplpi7Ad4hOo9z4zTugjqcCEXLJt9to/getUpdates "HTTP/1.1 409 Conf2025-10-11 00:04:24,594 - httpx - INFO - HTTP Request: POST https://api.telegram.org/bot8242076298:AAGnHplpi7Ad4hOo9z4zTugjqcCEXLJt9to/getUpdates "HTTP/1.1 409 Conflict"
2025-10-11 00:02025-10-11 00:04:47,158 - httpx - INFO - HTTP Request: POST https://api.telegram.org/bot8242076298:AAGnHplpi7Ad4hOo9z4zTugjqcCEXLJt9to/getUpdates "HTTP/1.1 409 Conf2025-10-11 00:04:54,213 - httpx - INFO - HTTP Request: POST https://api.telegram.org/bot8242076298:AAGnHplpi7Ad4hOo9z4zTugjqcCEXLJt9to/getUpdates "HTTP/1.1 409 Conflict"
2025-10-11 00:02025-10-11 00:05:18,074 - httpx - INFO - HTTP Request: POST https://api.telegram.org/bot8242076298:AAGnHplpi7Ad4hOo9z4zTugjqcCEXLJt9to/getUpdates "HTTP/1.1 200 OK"
2025-10-11 00:05:29,263 - httpx - INFO - HTTP Request: POST https://api.telegram.org/bot8242076298:AAGnHplpi7Ad4hOo9z4zTugjqcCEXLJt9to/getUpdates "HTTP/1.1 409 Conflict"
2025-10-11 00:05:29,264 - __main__ - ERROR - Exception while handling an update: Conflict: terminated by other getUpdates request; make sure that only one bot instance is running
2025-10-11 00:06:03,024 - httpx - INFO - HTTP Request: POST https://api.telegram.org/bot8242076298:AAGnHplpi7Ad4hOo9z4zTugjqcCEXLJt9to/getUpdates "HTTP/1.1 409 Conflict"
2025-10-11 00:06:03,027 - __main__ - ERROR - Exception while handling an update: Conflict: terminated by other getUpdates request; make sure that only one bot instance is running
2025-10-11 00:06:38,789 - httpx - INFO - HTTP Request: POST https://api.telegram.org/bot8242076298:AAGnHplpi7Ad4hOo9z4zTugjqcCEXLJt9to/getUpdates "HTTP/1.1 409 Conflict"
2025-10-11 00:06:38,791 - __main__ - ERROR - Exception while handling an update: Conflict: terminated by other getUpdates request; make sure that only one bot instance is running
2025-10-11 00:07:13,889 - httpx - INFO - HTTP Request: POST https://api.telegram.org/bot8242076298:AAGnHplpi7Ad4hOo9z4zTugjqcCEXLJt9to/getUpdates "HTTP/1.1 409 Conflict"
2025-10-11 00:07:13,891 - __main__ - ERROR - Exception while handling an update: Conflict: terminated by other getUpdates request; make sure that only one bot instance is running
2025-10-11 00:07:47,689 - httpx - INFO - HTTP Request: POST https://api.telegram.org/bot8242076298:AAGnHplpi7Ad4hOo9z4zTugjqcCEXLJt9to/getUpdates "HTTP/1.1 409 Conflict"
2025-10-11 00:07:47,690 - __main__ - ERROR - Exception while handling an update: Conflict: terminated by other getUpdates request; make sure that only one bot instance is running
2025-10-11 00:08:22,329 - httpx - INFO - HTTP Request: POST https://api.telegram.org/bot8242076298:AAGnHplpi7Ad4hOo9z4zTugjqcCEXLJt9to/getUpdates "HTTP/1.1 409 Conflict"
2025-10-11 00:08:22,330 - __main__ - ERROR - Exception while handling an update: Conflict: terminated by other getUpdates request; make sure that only one bot instance is running
2025-10-11 00:08:56,189 - httpx - INFO - HTTP Request: POST https://api.telegram.org/bot8242076298:AAGnHplpi7Ad4hOo9z4zTugjqcCEXLJt9to/getUpdates "HTTP/1.1 409 Conflict"
2025-10-11 00:08:56,191 - __main__ - ERROR - Exception while handling an update: Conflict: terminated by other getUpdates request; make sure that only one bot instance is running
2025-10-11 00:09:30,718 - httpx - INFO - HTTP Request: POST https://api.telegram.org/bot8242076298:AAGnHplpi7Ad4hOo9z4zTugjqcCEXLJt9to/getUpdates "HTTP/1.1 409 Conflict"
2025-10-11 00:09:30,720 - __main__ - ERROR - Exception while handling an update: Conflict: terminated by other getUpdates request; make sure that only one bot instance is running
2025-10-11 00:10:04,908 - httpx - INFO - HTTP Request: POST https://api.telegram.org/bot8242076298:AAGnHplpi7Ad4hOo9z4zTugjqcCEXLJt9to/getUpdates "HTTP/1.1 409 Conflict"
2025-10-11 00:10:04,909 - __main__ - ERROR - Exception while handling an update: Conflict: terminated by other getUpdates request; make sure that only one bot instance is running
2025-10-11 00:10:39,409 - httpx - INFO - HTTP Request: POST https://api.telegram.org/bot8242076298:AAGnHplpi7Ad4hOo9z4zTugjqcCEXLJt9to/getUpdates "HTTP/1.1 409 Conflict"
2025-10-11 00:10:39,412 - __main__ - ERROR - Exception while handling an update: Conflict: terminated by other getUpdates request; make sure that only one bot instance is running
2025-10-11 00:11:14,537 - httpx - INFO - HTTP Request: POST https://api.telegram.org/bot8242076298:AAGnHplpi7Ad4hOo9z4zTugjqcCEXLJt9to/getUpdates "HTTP/1.1 409 Conflict"
2025-10-11 00:11:14,538 - __main__ - ERROR - Exception while handling an update: Conflict: terminated by other getUpdates request; make sure that only one bot instance is running
2025-10-11 00:11:47,285 - httpx - INFO - HTTP Request: POST https://api.telegram.org/bot8242076298:AAGnHplpi7Ad4hOo9z4zTugjqcCEXLJt9to/getUpdates "HTTP/1.1 409 Conflict"
2025-10-11 00:11:47,287 - __main__ - ERROR - Exception while handling an update: Conflict: terminated by other getUpdates request; make sure that only one bot instance is running
2025-10-11 00:12:21,170 - httpx - INFO - HTTP Request: POST https://api.telegram.org/bot8242076298:AAGnHplpi7Ad4hOo9z4zTugjqcCEXLJt9to/getUpdates "HTTP/1.1 409 Conflict"
2025-10-11 00:12:21,171 - __main__ - ERROR - Exception while handling an update: Conflict: terminated by other getUpdates request; make sure that only one bot instance is running
2025-10-11 00:12:54,680 - httpx - INFO - HTTP Request: POST https://api.telegram.org/bot8242076298:AAGnHplpi7Ad4hOo9z4zTugjqcCEXLJt9to/getUpdates "HTTP/1.1 409 Conflict"
2025-10-11 00:12:54,682 - __main__ - ERROR - Exception while handling an update: Conflict: terminated by other getUpdates request; make sure that only one bot instance is running
2025-10-11 00:13:28,952 - httpx - INFO - HTTP Request: POST https://api.telegram.org/bot8242076298:AAGnHplpi7Ad4hOo9z4zTugjqcCEXLJt9to/getUpdates "HTTP/1.1 409 Conflict"
2025-10-11 00:13:28,953 - __main__ - ERROR - Exception while handling an update: Conflict: terminated by other getUpdates request; make sure that only one bot instance is running
2025-10-11 00:14:02,746 - httpx - INFO - HTTP Request: POST https://api.telegram.org/bot8242076298:AAGnHplpi7Ad4hOo9z4zTugjqcCEXLJt9to/getUpdates "HTTP/1.1 409 Conflict"
2025-10-11 00:14:02,747 - __main__ - ERROR - Exception while handling an update: Conflict: terminated by other getUpdates request; make sure that only one bot instance is running
2025-10-11 00:14:36,143 - httpx - INFO - HTTP Request: POST https://api.telegram.org/bot8242076298:AAGnHplpi7Ad4hOo9z4zTugjqcCEXLJt9to/getUpdates "HTTP/1.1 409 Conflict"
2025-10-11 00:14:36,146 - __main__ - ERROR - Exception while handling an update: Conflict: terminated by other getUpdates request; make sure that only one bot instance is running
2025-10-11 00:15:09,489 - httpx - INFO - HTTP Request: POST https://api.telegram.org/bot8242076298:AAGnHplpi7Ad4hOo9z4zTugjqcCEXLJt9to/getUpdates "HTTP/1.1 409 Conflict"
2025-10-11 00:15:09,492 - __main__ - ERROR - Exception while handling an update: Conflict: terminated by other getUpdates request; make sure that only one bot instance is running
2025-10-11 00:15:45,192 - httpx - INFO - HTTP Request: POST https://api.telegram.org/bot8242076298:AAGnHplpi7Ad4hOo9z4zTugjqcCEXLJt9to/getUpdates "HTTP/1.1 409 Conflict"
2025-10-11 00:15:45,193 - __main__ - ERROR - Exception while handling an update: Conflict: terminated by other getUpdates request; make sure that only one bot instance is running
2025-10-11 00:16:19,336 - httpx - INFO - HTTP Request: POST https://api.telegram.org/bot8242076298:AAGnHplpi7Ad4hOo9z4zTugjqcCEXLJt9to/getUpdates "HTTP/1.1 409 Conflict"
2025-10-11 00:16:19,339 - __main__ - ERROR - Exception while handling an update: Conflict: terminated by other getUpdates request; make sure that only one bot instance is running
2025-10-11 00:16:54,059 - httpx - INFO - HTTP Request: POST https://api.telegram.org/bot8242076298:AAGnHplpi7Ad4hOo9z4zTugjqcCEXLJt9to/getUpdates "HTTP/1.1 409 Conflict"
2025-10-11 00:16:54,062 - __main__ - ERROR - Exception while handling an update: Conflict: terminated by other getUpdates request; make sure that only one bot instance is running
2025-10-11 00:17:28,418 - httpx - INFO - HTTP Request: POST https://api.telegram.org/bot8242076298:AAGnHplpi7Ad4hOo9z4zTugjqcCEXLJt9to/getUpdates "HTTP/1.1 409 Conflict"
2025-10-11 00:17:28,421 - __main__ - ERROR - Exception while handling an update: Conflict: terminated by other getUpdates request; make sure that only one bot instance is running
2025-10-11 00:18:03,021 - httpx - INFO - HTTP Request: POST https://api.telegram.org/bot8242076298:AAGnHplpi7Ad4hOo9z4zTugjqcCEXLJt9to/getUpdates "HTTP/1.1 409 Conflict"
2025-10-11 00:18:03,024 - __main__ - ERROR - Exception while handling an update: Conflict: terminated by other getUpdates request; make sure that only one bot instance is running
2025-10-11 00:18:37,110 - httpx - INFO - HTTP Request: POST https://api.telegram.org/bot8242076298:AAGnHplpi7Ad4hOo9z4zTugjqcCEXLJt9to/getUpdates "HTTP/1.1 409 Conflict"
2025-10-11 00:18:37,113 - __main__ - ERROR - Exception while handling an update: Conflict: terminated by other getUpdates request; make sure that only one bot instance is running
2025-10-11 00:19:12,752 - httpx - INFO - HTTP Request: POST https://api.telegram.org/bot8242076298:AAGnHplpi7Ad4hOo9z4zTugjqcCEXLJt9to/getUpdates "HTTP/1.1 409 Conflict"
2025-10-11 00:19:12,753 - __main__ - ERROR - Exception while handling an update: Conflict: terminated by other getUpdates request; make sure that only one bot instance is running
2025-10-11 00:19:47,569 - httpx - INFO - HTTP Request: POST https://api.telegram.org/bot8242076298:AAGnHplpi7Ad4hOo9z4zTugjqcCEXLJt9to/getUpdates "HTTP/1.1 409 Conflict"
2025-10-11 00:19:47,570 - __main__ - ERROR - Exception while handling an update: Conflict: terminated by other getUpdates request; make sure that only one bot instance is running
2025-10-11 00:20:21,975 - httpx - INFO - HTTP Request: POST https://api.telegram.org/bot8242076298:AAGnHplpi7Ad4hOo9z4zTugjqcCEXLJt9to/getUpdates "HTTP/1.1 409 Conflict"
2025-10-11 00:20:21,976 - __main__ - ERROR - Exception while handling an update: Conflict: terminated by other getUpdates request; make sure that only one bot instance is running
2025-10-11 00:20:56,504 - httpx - INFO - HTTP Request: POST https://api.telegram.org/bot8242076298:AAGnHplpi7Ad4hOo9z4zTugjqcCEXLJt9to/getUpdates "HTTP/1.1 409 Conflict"
2025-10-11 00:20:56,505 - __main__ - ERROR - Exception while handling an update: Conflict: terminated by other getUpdates request; make sure that only one bot instance is running
2025-10-11 00:21:30,993 - httpx - INFO - HTTP Request: POST https://api.telegram.org/bot8242076298:AAGnHplpi7Ad4hOo9z4zTugjqcCEXLJt9to/getUpdates "HTTP/1.1 409 Conflict"
2025-10-11 00:21:30,995 - __main__ - ERROR - Exception while handling an update: Conflict: terminated by other getUpdates request; make sure that only one bot instance is running
2025-10-11 00:22:05,408 - httpx - INFO - HTTP Request: POST https://api.telegram.org/bot8242076298:AAGnHplpi7Ad4hOo9z4zTugjqcCEXLJt9to/getUpdates "HTTP/1.1 409 Conflict"
2025-10-11 00:22:05,409 - __main__ - ERROR - Exception while handling an update: Conflict: terminated by other getUpdates request; make sure that only one bot instance is running
2025-10-11 00:22:39,866 - httpx - INFO - HTTP Request: POST https://api.telegram.org/bot8242076298:AAGnHplpi7Ad4hOo9z4zTugjqcCEXLJt9to/getUpdates "HTTP/1.1 409 Conflict"
2025-10-11 00:22:39,868 - __main__ - ERROR - Exception while handling an update: Conflict: terminated by other getUpdates request; make sure that only one bot instance is running
api.telegram.org/bot8242076298:AAGnHplpi7Ad4hOo9z4zTugjqcCEXLJt9to/getUpdates "HTTP/1.1 409 Conflict"
2025-10-11 00:10:13,333 - __main__ - ERROR - Exception while handling an update: Conflict: terminated by other getUpdates request; make sure that only one bot instance is running
2025-10-11 00:10:26,503 - httpx - INFO - HTTP Request: POST https://api.telegram.org/bot8242076298:AAGnHplpi7Ad4hOo9z4zTugjqcCEXLJt9to/getUpdates "HTTP/1.1 409 Conflict"
2025-10-11 00:10:26,504 - __main__ - ERROR - Exception while handling an update: Conflict: terminated by other getUpdates request; make sure that only one bot instance is running
2025-10-11 00:10:41,392 - httpx - INFO - HTTP Request: POST https://api.telegram.org/bot8242076298:AAGnHplpi7Ad4hOo9z4zTugjqcCEXLJt9to/getUpdates "HTTP/1.1 409 Conflict"
2025-10-11 00:10:41,394 - __main__ - ERROR - Exception while handling an update: Conflict: terminated by other getUpdates request; make sure that only one bot instance is running
2025-10-11 00:11:04,038 - httpx - INFO - HTTP Request: POST https://api.telegram.org/bot8242076298:AAGnHplpi7Ad4hOo9z4zTugjqcCEXLJt9to/getUpdates "HTTP/1.1 409 Conflict"
2025-10-11 00:11:04,041 - __main__ - ERROR - Exception while handling an update: Conflict: terminated by other getUpdates request; make sure that only one bot instance is running
2025-10-11 00:11:34,598 - httpx - INFO - HTTP Request: POST https://api.telegram.org/bot8242076298:AAGnHplpi7Ad4hOo9z4zTugjqcCEXLJt9to/getUpdates "HTTP/1.1 409 Conflict"
2025-10-11 00:11:34,600 - __main__ - ERROR - Exception while handling an update: Conflict: terminated by other getUpdates request; make sure that only one bot instance is running
2025-10-11 00:12:09,726 - httpx - INFO - HTTP Request: POST https://api.telegram.org/bot8242076298:AAGnHplpi7Ad4hOo9z4zTugjqcCEXLJt9to/getUpdates "HTTP/1.1 409 Conflict"
2025-10-11 00:12:09,728 - __main__ - ERROR - Exception while handling an update: Conflict: terminated by other getUpdates request; make sure that only one bot instance is running
2025-10-11 00:12:44,558 - httpx - INFO - HTTP Request: POST https://api.telegram.org/bot8242076298:AAGnHplpi7Ad4hOo9z4zTugjqcCEXLJt9to/getUpdates "HTTP/1.1 409 Conflict"
2025-10-11 00:12:44,560 - __main__ - ERROR - Exception while handling an update: Conflict: terminated by other getUpdates request; make sure that only one bot instance is running
2025-10-11 00:13:19,433 - httpx - INFO - HTTP Request: POST https://api.telegram.org/bot8242076298:AAGnHplpi7Ad4hOo9z4zTugjqcCEXLJt9to/getUpdates "HTTP/1.1 409 Conflict"
2025-10-11 00:13:19,434 - __main__ - ERROR - Exception while handling an update: Conflict: terminated by other getUpdates request; make sure that only one bot instance is running
2025-10-11 00:13:54,237 - httpx - INFO - HTTP Request: POST https://api.telegram.org/bot8242076298:AAGnHplpi7Ad4hOo9z4zTugjqcCEXLJt9to/getUpdates "HTTP/1.1 409 Conflict"
2025-10-11 00:13:54,238 - __main__ - ERROR - Exception while handling an update: Conflict: terminated by other getUpdates request; make sure that only one bot instance is running
2025-10-11 00:14:29,048 - httpx - INFO - HTTP Request: POST https://api.telegram.org/bot8242076298:AAGnHplpi7Ad4hOo9z4zTugjqcCEXLJt9to/getUpdates "HTTP/1.1 409 Conflict"
2025-10-11 00:14:29,049 - __main__ - ERROR - Exception while handling an update: Conflict: terminated by other getUpdates request; make sure that only one bot instance is running
2025-10-11 00:15:04,170 - httpx - INFO - HTTP Request: POST https://api.telegram.org/bot8242076298:AAGnHplpi7Ad4hOo9z4zTugjqcCEXLJt9to/getUpdates "HTTP/1.1 409 Conflict"
2025-10-11 00:15:04,173 - __main__ - ERROR - Exception while handling an update: Conflict: terminated by other getUpdates request; make sure that only one bot instance is running
2025-10-11 00:15:38,992 - httpx - INFO - HTTP Request: POST https://api.telegram.org/bot8242076298:AAGnHplpi7Ad4hOo9z4zTugjqcCEXLJt9to/getUpdates "HTTP/1.1 409 Conflict"
2025-10-11 00:15:38,993 - __main__ - ERROR - Exception while handling an update: Conflict: terminated by other getUpdates request; make sure that only one bot instance is running
2025-10-11 00:16:13,810 - httpx - INFO - HTTP Request: POST https://api.telegram.org/bot8242076298:AAGnHplpi7Ad4hOo9z4zTugjqcCEXLJt9to/getUpdates "HTTP/1.1 409 Conflict"
2025-10-11 00:16:13,812 - __main__ - ERROR - Exception while handling an update: Conflict: terminated by other getUpdates request; make sure that only one bot instance is running
2025-10-11 00:16:48,673 - httpx - INFO - HTTP Request: POST https://api.telegram.org/bot8242076298:AAGnHplpi7Ad4hOo9z4zTugjqcCEXLJt9to/getUpdates "HTTP/1.1 409 Conflict"
2025-10-11 00:16:48,675 - __main__ - ERROR - Exception while handling an update: Conflict: terminated by other getUpdates request; make sure that only one bot instance is running
2025-10-11 00:17:23,565 - httpx - INFO - HTTP Request: POST https://api.telegram.org/bot8242076298:AAGnHplpi7Ad4hOo9z4zTugjqcCEXLJt9to/getUpdates "HTTP/1.1 409 Conflict"
2025-10-11 00:17:23,566 - __main__ - ERROR - Exception while handling an update: Conflict: terminated by other getUpdates request; make sure that only one bot instance is running
2025-10-11 00:17:58,935 - httpx - INFO - HTTP Request: POST https://api.telegram.org/bot8242076298:AAGnHplpi7Ad4hOo9z4zTugjqcCEXLJt9to/getUpdates "HTTP/1.1 409 Conflict"
2025-10-11 00:17:58,936 - __main__ - ERROR - Exception while handling an update: Conflict: terminated by other getUpdates request; make sure that only one bot instance is running
2025-10-11 00:18:33,791 - httpx - INFO - HTTP Request: POST https://api.telegram.org/bot8242076298:AAGnHplpi7Ad4hOo9z4zTugjqcCEXLJt9to/getUpdates "HTTP/1.1 409 Conflict"
2025-10-11 00:18:33,793 - __main__ - ERROR - Exception while handling an update: Conflict: terminated by other getUpdates request; make sure that only one bot instance is running
2025-10-11 00:19:08,247 - httpx - INFO - HTTP Request: POST https://api.telegram.org/bot8242076298:AAGnHplpi7Ad4hOo9z4zTugjqcCEXLJt9to/getUpdates "HTTP/1.1 409 Conflict"
2025-10-11 00:19:08,249 - __main__ - ERROR - Exception while handling an update: Conflict: terminated by other getUpdates request; make sure that only one bot instance is running
2025-10-11 00:19:42,168 - httpx - INFO - HTTP Request: POST https://api.telegram.org/bot8242076298:AAGnHplpi7Ad4hOo9z4zTugjqcCEXLJt9to/getUpdates "HTTP/1.1 409 Conflict"
2025-10-11 00:19:42,169 - __main__ - ERROR - Exception while handling an update: Conflict: terminated by other getUpdates request; make sure that only one bot instance is running
2025-10-11 00:20:16,544 - httpx - INFO - HTTP Request: POST https://api.telegram.org/bot8242076298:AAGnHplpi7Ad4hOo9z4zTugjqcCEXLJt9to/getUpdates "HTTP/1.1 409 Conflict"
2025-10-11 00:20:16,546 - __main__ - ERROR - Exception while handling an update: Conflict: terminated by other getUpdates request; make sure that only one bot instance is running
2025-10-11 00:20:50,454 - httpx - INFO - HTTP Request: POST https://api.telegram.org/bot8242076298:AAGnHplpi7Ad4hOo9z4zTugjqcCEXLJt9to/getUpdates "HTTP/1.1 409 Conflict"
2025-10-11 00:20:50,455 - __main__ - ERROR - Exception while handling an update: Conflict: terminated by other getUpdates request; make sure that only one bot instance is running
2025-10-11 00:21:25,210 - httpx - INFO - HTTP Request: POST https://api.telegram.org/bot8242076298:AAGnHplpi7Ad4hOo9z4zTugjqcCEXLJt9to/getUpdates "HTTP/1.1 409 Conflict"
2025-10-11 00:21:25,213 - __main__ - ERROR - Exception while handling an update: Conflict: terminated by other getUpdates request; make sure that only one bot instance is running
2025-10-11 00:21:58,659 - httpx - INFO - HTTP Request: POST https://api.telegram.org/bot8242076298:AAGnHplpi7Ad4hOo9z4zTugjqcCEXLJt9to/getUpdates "HTTP/1.1 409 Conflict"
2025-10-11 00:21:58,661 - __main__ - ERROR - Exception while handling an update: Conflict: terminated by other getUpdates request; make sure that only one bot instance is running
2025-10-11 00:22:33,543 - httpx - INFO - HTTP Request: POST https://api.telegram.org/bot8242076298:AAGnHplpi7Ad4hOo9z4zTugjqcCEXLJt9to/getUpdates "HTTP/1.1 409 Conflict"
2025-10-11 00:22:33,545 - __main__ - ERROR - Exception while handling an update: Conflict: terminated by other getUpdates request; make sure that only one bot instance is running
