2025-10-11 00:03:36,860 - __main__ - INFO - 🚀 Starting bot in polling mode...
2025-10-11 00:03:37,201 - httpx - INFO - HTTP Request: POST https://api.telegram.org/bot8242076298:AAGnHplpi7Ad4hOo9z4zTugjqcCEXLJt9to/getMe "HTTP/1.1 200 OK"
2025-10-11 00:03:37,316 - httpx - INFO - HTTP Request: POST https://api.telegram.org/bot8242076298:AAGnHplpi7Ad4hOo9z4zTugjqcCEXLJt9to/deleteWebhook "HTTP/1.1 200 OK"
2025-10-11 00:03:37,317 - telegram.ext.Application - INFO - Application started
2025-10-11 00:03:38,967 - httpx - INFO - HTTP Request: POST https://api.telegram.org/bot8242076298:AAGnHplpi7Ad4hOo9z4zTugjqcCEXLJt9to/getUpdates "HTTP/1.1 409 Conflict"
2025-10-11 00:03:38,968 - __main__ - ERROR - Exception while handling an update: Conflict: terminated by other getUpdates request; make sure that only one bot instance is running
2025-10-11 00:03:43,057 - httpx - INFO - HTTP Request: POST https://api.telegram.org/bot8242076298:AAGnHplpi7Ad4hOo9z4zTugjqcCEXLJt9to/getUpdates "HTTP/1.1 409 Conflict"
2025-10-11 00:03:43,058 - __main__ - ERROR - Exception while handling an update: Conflict: terminated by other getUpdates request; make sure that only one bot instance is running
2025-10-11 00:03:52,106 - httpx - INFO - HTTP Request: POST https://api.telegram.org/bot8242076298:AAGnHplpi7Ad4hOo9z4zTugjqcCEXLJt9to/getUpdates "HTTP/1.1 409 Conflict"
2025-10-11 00:03:52,108 - __main__ - ERROR - Exception while handling an update: Conflict: terminated by other getUpdates request; make sure that only one bot instance is running
2025-10-11 00:03:59,733 - httpx - INFO - HTTP Request: POST https://api.telegram.org/bot8242076298:AAGnHplpi7Ad4hOo9z4zTugjqcCEXLJt9to/getUpdates "HTTP/1.1 409 Conflict"
2025-10-11 00:03:59,735 - __main__ - ERROR - Exception while handling an update: Conflict: terminated by other getUpdates request; make sure that only one bot instance is running
2025-10-11 00:04:06,510 - httpx - INFO - HTTP Request: POST https://api.telegram.org/bot8242076298:AAGnHplpi7Ad4hOo9z4zTugjqcCEXLJt9to/getUpdates "HTTP/1.1 409 Conflict"
2025-10-11 00:04:06,511 - __main__ - ERROR - Exception while handling an update: Conflict: terminated by other getUpdates request; make sure that only one bot instance is running
2025-10-11 00:04:16,600 - httpx - INFO - HTTP Request: POST https://api.telegram.org/bot8242076298:AAGnHplpi7Ad4hOo9z4zTugjqcCEXLJt9to/getUpdates "HTTP/1.1 409 Conflict"
2025-10-11 00:04:16,601 - __main__ - ERROR - Exception while handling an update: Conflict: terminated by other getUpdates request; make sure that only one bot instance is running
2025-10-11 00:04:27,868 - httpx - INFO - HTTP Request: POST https://api.telegram.org/bot8242076298:AAGnHplpi7Ad4hOo9z4zTugjqcCEXLJt9to/getUpdates "HTTP/1.1 409 Conflict"
2025-10-11 00:04:27,868 - __main__ - ERROR - Exception while handling an update: Conflict: terminated by other getUpdates request; make sure that only one bot instance is running
2025-10-11 00:04:43,695 - httpx - INFO - HTTP Request: POST https://api.telegram.org/bot8242076298:AAGnHplpi7Ad4hOo9z4zTugjqcCEXLJt9to/getUpdates "HTTP/1.1 409 Conflict"
2025-10-11 00:04:43,696 - __main__ - ERROR - Exception while handling an update: Conflict: terminated by other getUpdates request; make sure that only one bot instance is running
2025-10-11 00:05:05,164 - httpx - INFO - HTTP Request: POST https://api.telegram.org/bot8242076298:AAGnHplpi7Ad4hOo9z4zTugjqcCEXLJt9to/getUpdates "HTTP/1.1 409 Conflict"
2025-10-11 00:05:05,165 - __main__ - ERROR - Exception while handling an update: Conflict: terminated by other getUpdates request; make sure that only one bot instance is running
2025-10-11 00:05:36,464 - httpx - INFO - HTTP Request: POST https://api.telegram.org/bot8242076298:AAGnHplpi7Ad4hOo9z4zTugjqcCEXLJt9to/getUpdates "HTTP/1.1 409 Conflict"
2025-10-11 00:05:36,466 - __main__ - ERROR - Exception while handling an update: Conflict: terminated by other getUpdates request; make sure that only one bot instance is running
2025-10-11 00:06:10,501 - httpx - INFO - HTTP Request: POST https://api.telegram.org/bot8242076298:AAGnHplpi7Ad4hOo9z4zTugjqcCEXLJt9to/getUpdates "HTTP/1.1 409 Conflict"
2025-10-11 00:06:10,503 - __main__ - ERROR - Exception while handling an update: Conflict: terminated by other getUpdates request; make sure that only one bot instance is running
2025-10-11 00:06:43,989 - httpx - INFO - HTTP Request: POST https://api.telegram.org/bot8242076298:AAGnHplpi7Ad4hOo9z4zTugjqcCEXLJt9to/getUpdates "HTTP/1.1 409 Conflict"
2025-10-11 00:06:43,991 - __main__ - ERROR - Exception while handling an update: Conflict: terminated by other getUpdates request; make sure that only one bot instance is running
2025-10-11 00:07:20,001 - httpx - INFO - HTTP Request: POST https://api.telegram.org/bot8242076298:AAGnHplpi7Ad4hOo9z4zTugjqcCEXLJt9to/getUpdates "HTTP/1.1 409 Conflict"
2025-10-11 00:07:20,002 - __main__ - ERROR - Exception while handling an update: Conflict: terminated by other getUpdates request; make sure that only one bot instance is running
2025-10-11 00:07:55,616 - httpx - INFO - HTTP Request: POST https://api.telegram.org/bot8242076298:AAGnHplpi7Ad4hOo9z4zTugjqcCEXLJt9to/getUpdates "HTTP/1.1 409 Conflict"
2025-10-11 00:07:55,618 - __main__ - ERROR - Exception while handling an update: Conflict: terminated by other getUpdates request; make sure that only one bot instance is running
2025-10-11 00:08:31,607 - httpx - INFO - HTTP Request: POST https://api.telegram.org/bot8242076298:AAGnHplpi7Ad4hOo9z4zTugjqcCEXLJt9to/getUpdates "HTTP/1.1 409 Conflict"
2025-10-11 00:08:31,608 - __main__ - ERROR - Exception while handling an update: Conflict: terminated by other getUpdates request; make sure that only one bot instance is running
2025-10-11 00:09:07,318 - httpx - INFO - HTTP Request: POST https://api.telegram.org/bot8242076298:AAGnHplpi7Ad4hOo9z4zTugjqcCEXLJt9to/getUpdates "HTTP/1.1 409 Conflict"
2025-10-11 00:09:07,321 - __main__ - ERROR - Exception while handling an update: Conflict: terminated by other getUpdates request; make sure that only one bot instance is running
2025-10-11 00:09:42,981 - httpx - INFO - HTTP Request: POST https://api.telegram.org/bot8242076298:AAGnHplpi7Ad4hOo9z4zTugjqcCEXLJt9to/getUpdates "HTTP/1.1 409 Conflict"
2025-10-11 00:09:42,983 - __main__ - ERROR - Exception while handling an update: Conflict: terminated by other getUpdates request; make sure that only one bot instance is running
2025-10-11 00:10:21,383 - httpx - INFO - HTTP Request: POST https://api.telegram.org/bot8242076298:AAGnHplpi7Ad4hOo9z4zTugjqcCEXLJt9to/getUpdates "HTTP/1.1 409 Conflict"
2025-10-11 00:10:21,388 - __main__ - ERROR - Exception while handling an update: Conflict: terminated by other getUpdates request; make sure that only one bot instance is running
2025-10-11 00:10:55,720 - httpx - INFO - HTTP Request: POST https://api.telegram.org/bot8242076298:AAGnHplpi7Ad4hOo9z4zTugjqcCEXLJt9to/getUpdates "HTTP/1.1 409 Conflict"
2025-10-11 00:10:55,722 - __main__ - ERROR - Exception while handling an update: Conflict: terminated by other getUpdates request; make sure that only one bot instance is running
2025-10-11 00:11:30,119 - httpx - INFO - HTTP Request: POST https://api.telegram.org/bot8242076298:AAGnHplpi7Ad4hOo9z4zTugjqcCEXLJt9to/getUpdates "HTTP/1.1 409 Conflict"
2025-10-11 00:11:30,120 - __main__ - ERROR - Exception while handling an update: Conflict: terminated by other getUpdates request; make sure that only one bot instance is running
2025-10-11 00:12:04,521 - httpx - INFO - HTTP Request: POST https://api.telegram.org/bot8242076298:AAGnHplpi7Ad4hOo9z4zTugjqcCEXLJt9to/getUpdates "HTTP/1.1 409 Conflict"
2025-10-11 00:12:04,524 - __main__ - ERROR - Exception while handling an update: Conflict: terminated by other getUpdates request; make sure that only one bot instance is running
2025-10-11 00:12:38,951 - httpx - INFO - HTTP Request: POST https://api.telegram.org/bot8242076298:AAGnHplpi7Ad4hOo9z4zTugjqcCEXLJt9to/getUpdates "HTTP/1.1 409 Conflict"
2025-10-11 00:12:38,953 - __main__ - ERROR - Exception while handling an update: Conflict: terminated by other getUpdates request; make sure that only one bot instance is running
2025-10-11 00:13:13,322 - httpx - INFO - HTTP Request: POST https://api.telegram.org/bot8242076298:AAGnHplpi7Ad4hOo9z4zTugjqcCEXLJt9to/getUpdates "HTTP/1.1 409 Conflict"
2025-10-11 00:13:13,323 - __main__ - ERROR - Exception while handling an update: Conflict: terminated by other getUpdates request; make sure that only one bot instance is running
2025-10-11 00:13:47,696 - httpx - INFO - HTTP Request: POST https://api.telegram.org/bot8242076298:AAGnHplpi7Ad4hOo9z4zTugjqcCEXLJt9to/getUpdates "HTTP/1.1 409 Conflict"
2025-10-11 00:13:47,697 - __main__ - ERROR - Exception while handling an update: Conflict: terminated by other getUpdates request; make sure that only one bot instance is running
2025-10-11 00:14:22,078 - httpx - INFO - HTTP Request: POST https://api.telegram.org/bot8242076298:AAGnHplpi7Ad4hOo9z4zTugjqcCEXLJt9to/getUpdates "HTTP/1.1 409 Conflict"
2025-10-11 00:14:22,080 - __main__ - ERROR - Exception while handling an update: Conflict: terminated by other getUpdates request; make sure that only one bot instance is running
2025-10-11 00:14:56,471 - httpx - INFO - HTTP Request: POST https://api.telegram.org/bot8242076298:AAGnHplpi7Ad4hOo9z4zTugjqcCEXLJt9to/getUpdates "HTTP/1.1 409 Conflict"
2025-10-11 00:14:56,473 - __main__ - ERROR - Exception while handling an update: Conflict: terminated by other getUpdates request; make sure that only one bot instance is running
2025-10-11 00:15:30,898 - httpx - INFO - HTTP Request: POST https://api.telegram.org/bot8242076298:AAGnHplpi7Ad4hOo9z4zTugjqcCEXLJt9to/getUpdates "HTTP/1.1 409 Conflict"
2025-10-11 00:15:30,901 - __main__ - ERROR - Exception while handling an update: Conflict: terminated by other getUpdates request; make sure that only one bot instance is running
2025-10-11 00:16:05,326 - httpx - INFO - HTTP Request: POST https://api.telegram.org/bot8242076298:AAGnHplpi7Ad4hOo9z4zTugjqcCEXLJt9to/getUpdates "HTTP/1.1 409 Conflict"
2025-10-11 00:16:05,328 - __main__ - ERROR - Exception while handling an update: Conflict: terminated by other getUpdates request; make sure that only one bot instance is running
2025-10-11 00:16:39,744 - httpx - INFO - HTTP Request: POST https://api.telegram.org/bot8242076298:AAGnHplpi7Ad4hOo9z4zTugjqcCEXLJt9to/getUpdates "HTTP/1.1 409 Conflict"
2025-10-11 00:16:39,744 - __main__ - ERROR - Exception while handling an update: Conflict: terminated by other getUpdates request; make sure that only one bot instance is running
2025-10-11 00:17:14,168 - httpx - INFO - HTTP Request: POST https://api.telegram.org/bot8242076298:AAGnHplpi7Ad4hOo9z4zTugjqcCEXLJt9to/getUpdates "HTTP/1.1 409 Conflict"
2025-10-11 00:17:14,169 - __main__ - ERROR - Exception while handling an update: Conflict: terminated by other getUpdates request; make sure that only one bot instance is running
2025-10-11 00:17:48,614 - httpx - INFO - HTTP Request: POST https://api.telegram.org/bot8242076298:AAGnHplpi7Ad4hOo9z4zTugjqcCEXLJt9to/getUpdates "HTTP/1.1 409 Conflict"
2025-10-11 00:17:48,616 - __main__ - ERROR - Exception while handling an update: Conflict: terminated by other getUpdates request; make sure that only one bot instance is running
2025-10-11 00:18:22,981 - httpx - INFO - HTTP Request: POST https://api.telegram.org/bot8242076298:AAGnHplpi7Ad4hOo9z4zTugjqcCEXLJt9to/getUpdates "HTTP/1.1 409 Conflict"
2025-10-11 00:18:22,983 - __main__ - ERROR - Exception while handling an update: Conflict: terminated by other getUpdates request; make sure that only one bot instance is running
2025-10-11 00:18:57,343 - httpx - INFO - HTTP Request: POST https://api.telegram.org/bot8242076298:AAGnHplpi7Ad4hOo9z4zTugjqcCEXLJt9to/getUpdates "HTTP/1.1 409 Conflict"
2025-10-11 00:18:57,345 - __main__ - ERROR - Exception while handling an update: Conflict: terminated by other getUpdates request; make sure that only one bot instance is running
2025-10-11 00:19:31,713 - httpx - INFO - HTTP Request: POST https://api.telegram.org/bot8242076298:AAGnHplpi7Ad4hOo9z4zTugjqcCEXLJt9to/getUpdates "HTTP/1.1 409 Conflict"
2025-10-11 00:19:31,716 - __main__ - ERROR - Exception while handling an update: Conflict: terminated by other getUpdates request; make sure that only one bot instance is running
2025-10-11 00:20:06,324 - httpx - INFO - HTTP Request: POST https://api.telegram.org/bot8242076298:AAGnHplpi7Ad4hOo9z4zTugjqcCEXLJt9to/getUpdates "HTTP/1.1 409 Conflict"
2025-10-11 00:20:06,326 - __main__ - ERROR - Exception while handling an update: Conflict: terminated by other getUpdates request; make sure that only one bot instance is running
2025-10-11 00:20:40,672 - httpx - INFO - HTTP Request: POST https://api.telegram.org/bot8242076298:AAGnHplpi7Ad4hOo9z4zTugjqcCEXLJt9to/getUpdates "HTTP/1.1 409 Conflict"
2025-10-11 00:20:40,673 - __main__ - ERROR - Exception while handling an update: Conflict: terminated by other getUpdates request; make sure that only one bot instance is running
2025-10-11 00:21:15,116 - httpx - INFO - HTTP Request: POST https://api.telegram.org/bot8242076298:AAGnHplpi7Ad4hOo9z4zTugjqcCEXLJt9to/getUpdates "HTTP/1.1 409 Conflict"
2025-10-11 00:21:15,118 - __main__ - ERROR - Exception while handling an update: Conflict: terminated by other getUpdates request; make sure that only one bot instance is running
2025-10-11 00:21:49,622 - httpx - INFO - HTTP Request: POST https://api.telegram.org/bot8242076298:AAGnHplpi7Ad4hOo9z4zTugjqcCEXLJt9to/getUpdates "HTTP/1.1 409 Conflict"
2025-10-11 00:21:49,623 - __main__ - ERROR - Exception while handling an update: Conflict: terminated by other getUpdates request; make sure that only one bot instance is running
2025-10-11 00:22:24,030 - httpx - INFO - HTTP Request: POST https://api.telegram.org/bot8242076298:AAGnHplpi7Ad4hOo9z4zTugjqcCEXLJt9to/getUpdates "HTTP/1.1 409 Conflict"
2025-10-11 00:22:24,032 - __main__ - ERROR - Exception while handling an update: Conflict: terminated by other getUpdates request; make sure that only one bot instance is running
2025-10-11 00:22:58,443 - httpx - INFO - HTTP Request: POST https://api.telegram.org/bot8242076298:AAGnHplpi7Ad4hOo9z4zTugjqcCEXLJt9to/getUpdates "HTTP/1.1 409 Conflict"
2025-10-11 00:22:58,444 - __main__ - ERROR - Exception while handling an update: Conflict: terminated by other getUpdates request; make sure that only one bot instance is running
