2025-10-05T18:21:46: ✅ Подключение к базе данных успешно
2025-10-05T18:21:46: ⏰ Настроено расписание уведомлений: 18:00 (Europe/Moscow)
2025-10-05T18:21:46: 📅 Cron выражение: 0 18 * * *
2025-10-05T18:39:01: ✅ Подключение к базе данных успешно
2025-10-05T18:39:01: ⏰ Настроено расписание уведомлений: 18:00 (Europe/Moscow)
2025-10-05T18:39:01: 📅 Cron выражение: 0 18 * * *
2025-10-05T18:44:07: ✅ Подключение к базе данных успешно
2025-10-05T18:44:07: ⏰ Настроено расписание уведомлений: 18:00 (Europe/Moscow)
2025-10-05T18:44:07: 📅 Cron выражение: 0 18 * * *
2025-10-05T18:51:42: ✅ Подключение к базе данных успешно
2025-10-05T18:51:42: ⏰ Настроено расписание уведомлений: 18:00 (Europe/Moscow)
2025-10-05T18:51:42: 📅 Cron выражение: 0 18 * * *
2025-10-05T19:00:00: 🕕 Время отправки уведомлений!
2025-10-05T19:00:00: 🔄 Начинаем отправку ежедневных уведомлений...
2025-10-05T19:00:00: 👥 Найдено 91 пользователей для уведомлений
2025-10-05T19:00:01: ❌ Ошибка отправки уведомления пользователю 472682134: 400: Bad Request: chat not found
2025-10-05T19:00:01: ❌ Ошибка отправки уведомления пользователю 1854293083: 400: Bad Request: chat not found
2025-10-05T19:00:01: ❌ Ошибка отправки уведомления пользователю 811996031: 400: Bad Request: chat not found
2025-10-05T19:00:01: ❌ Ошибка отправки уведомления пользователю 899138269: 400: Bad Request: chat not found
2025-10-05T19:00:02: ❌ Ошибка отправки уведомления пользователю 1620653512: 400: Bad Request: chat not found
2025-10-05T19:00:02: ❌ Ошибка отправки уведомления пользователю 189142562: 400: Bad Request: chat not found
2025-10-05T19:00:03: ❌ Ошибка отправки уведомления пользователю 2048941947: 400: Bad Request: chat not found
2025-10-05T19:00:04: ❌ Ошибка отправки уведомления пользователю 83349863: 400: Bad Request: chat not found
2025-10-05T19:00:04: ❌ Ошибка отправки уведомления пользователю 177892254: 400: Bad Request: chat not found
2025-10-05T19:00:05: ❌ Ошибка отправки уведомления пользователю 185052285: 400: Bad Request: chat not found
2025-10-05T19:00:05: ❌ Ошибка отправки уведомления пользователю 1493678447: 400: Bad Request: chat not found
2025-10-05T19:00:05: ❌ Ошибка отправки уведомления пользователю 454922712: 400: Bad Request: chat not found
2025-10-05T19:00:06: ❌ Ошибка отправки уведомления пользователю 323119247: 400: Bad Request: chat not found
2025-10-05T19:00:06: ❌ Ошибка отправки уведомления пользователю 170429155: 400: Bad Request: chat not found
2025-10-05T19:00:07: ❌ Ошибка отправки уведомления пользователю 391557666: 400: Bad Request: chat not found
2025-10-05T19:00:07: ❌ Ошибка отправки уведомления пользователю 357290846: 400: Bad Request: chat not found
2025-10-05T19:00:07: ❌ Ошибка отправки уведомления пользователю 369762509: 400: Bad Request: chat not found
2025-10-05T19:00:08: ❌ Ошибка отправки уведомления пользователю 497607867: 400: Bad Request: chat not found
2025-10-05T19:00:08: ❌ Ошибка отправки уведомления пользователю 434085685: 400: Bad Request: chat not found
2025-10-05T19:00:08: ❌ Ошибка отправки уведомления пользователю 667390895: 400: Bad Request: chat not found
2025-10-05T19:00:09: ❌ Ошибка отправки уведомления пользователю 493427643: 400: Bad Request: chat not found
2025-10-05T19:00:09: ❌ Ошибка отправки уведомления пользователю 925726416: 400: Bad Request: chat not found
2025-10-05T19:00:10: ❌ Ошибка отправки уведомления пользователю 5916603942: 400: Bad Request: chat not found
2025-10-05T19:00:11: ❌ Ошибка отправки уведомления пользователю 7847377542: 400: Bad Request: chat not found
2025-10-05T19:00:11: ❌ Ошибка отправки уведомления пользователю 6585577649: 400: Bad Request: chat not found
2025-10-05T19:00:11: ❌ Ошибка отправки уведомления пользователю 1163791221: 400: Bad Request: chat not found
2025-10-05T19:00:12: ❌ Ошибка отправки уведомления пользователю 796935263: 400: Bad Request: chat not found
2025-10-05T19:00:12: ❌ Ошибка отправки уведомления пользователю 566256174: 400: Bad Request: chat not found
2025-10-05T19:00:13: ❌ Ошибка отправки уведомления пользователю 1096403808: 400: Bad Request: chat not found
2025-10-05T19:00:13: ❌ Ошибка отправки уведомления пользователю 5587882397: 400: Bad Request: chat not found
2025-10-05T19:00:13: ❌ Ошибка отправки уведомления пользователю 290377974: 400: Bad Request: chat not found
2025-10-05T19:00:14: ❌ Ошибка отправки уведомления пользователю 758565037: 400: Bad Request: chat not found
2025-10-05T19:00:14: ❌ Ошибка отправки уведомления пользователю 404152711: 400: Bad Request: chat not found
2025-10-05T19:00:14: ❌ Ошибка отправки уведомления пользователю 1600474976: 400: Bad Request: chat not found
2025-10-05T19:00:15: ❌ Ошибка отправки уведомления пользователю 349706232: 400: Bad Request: chat not found
2025-10-05T19:00:15: ❌ Ошибка отправки уведомления пользователю 333648932: 400: Bad Request: chat not found
2025-10-05T19:00:15: ❌ Ошибка отправки уведомления пользователю 7025972081: 400: Bad Request: chat not found
2025-10-05T19:00:15: ❌ Ошибка отправки уведомления пользователю 7905675282: 400: Bad Request: chat not found
2025-10-05T19:00:16: ❌ Ошибка отправки уведомления пользователю 741571700: 400: Bad Request: chat not found
2025-10-05T19:00:16: ❌ Ошибка отправки уведомления пользователю 7186018671: 400: Bad Request: chat not found
2025-10-05T19:00:16: ✅ Уведомление отправлено: Николай Шадовский (TG: 937011437)
2025-10-05T19:00:17: ❌ Ошибка отправки уведомления пользователю 1245792014: 400: Bad Request: chat not found
2025-10-05T19:00:17: ❌ Ошибка отправки уведомления пользователю 1962719148: 400: Bad Request: chat not found
2025-10-05T19:00:18: ❌ Ошибка отправки уведомления пользователю 1055213676: 400: Bad Request: chat not found
2025-10-05T19:00:18: ❌ Ошибка отправки уведомления пользователю 119322280: 400: Bad Request: chat not found
2025-10-05T19:00:19: ❌ Ошибка отправки уведомления пользователю 362177658: 400: Bad Request: chat not found
2025-10-05T19:00:19: ❌ Ошибка отправки уведомления пользователю 710028356: 400: Bad Request: chat not found
2025-10-05T19:00:19: ❌ Ошибка отправки уведомления пользователю 912760860: 400: Bad Request: chat not found
2025-10-05T19:00:20: ❌ Ошибка отправки уведомления пользователю 716001548: 400: Bad Request: chat not found
2025-10-05T19:00:20: ❌ Ошибка отправки уведомления пользователю 416315065: 400: Bad Request: chat not found
2025-10-05T19:00:21: ❌ Ошибка отправки уведомления пользователю 513177696: 400: Bad Request: chat not found
2025-10-05T19:00:21: ❌ Ошибка отправки уведомления пользователю 547686045: 400: Bad Request: chat not found
2025-10-05T19:00:22: ❌ Ошибка отправки уведомления пользователю 929560644: 400: Bad Request: chat not found
2025-10-05T19:00:22: ❌ Ошибка отправки уведомления пользователю 742731038: 400: Bad Request: chat not found
2025-10-05T19:00:23: ❌ Ошибка отправки уведомления пользователю 531601156: 400: Bad Request: chat not found
2025-10-05T19:00:23: ❌ Ошибка отправки уведомления пользователю 702582171: 400: Bad Request: chat not found
2025-10-05T19:00:23: ❌ Ошибка отправки уведомления пользователю 775161324: 400: Bad Request: chat not found
2025-10-05T19:00:24: ❌ Ошибка отправки уведомления пользователю 5104322827: 400: Bad Request: chat not found
2025-10-05T19:00:24: ❌ Ошибка отправки уведомления пользователю 5569744105: 400: Bad Request: chat not found
2025-10-05T19:00:25: ❌ Ошибка отправки уведомления пользователю 1118172925: 400: Bad Request: chat not found
2025-10-05T19:00:25: ❌ Ошибка отправки уведомления пользователю 244460952: 400: Bad Request: chat not found
2025-10-05T19:00:26: ❌ Ошибка отправки уведомления пользователю 137187828: 400: Bad Request: chat not found
2025-10-05T19:00:26: ❌ Ошибка отправки уведомления пользователю 900550278: 400: Bad Request: chat not found
2025-10-05T19:00:27: ❌ Ошибка отправки уведомления пользователю 883911484: 400: Bad Request: chat not found
2025-10-05T19:00:27: ❌ Ошибка отправки уведомления пользователю 1905378471: 400: Bad Request: chat not found
2025-10-05T19:00:27: ❌ Ошибка отправки уведомления пользователю 472572658: 400: Bad Request: chat not found
2025-10-05T19:00:28: ❌ Ошибка отправки уведомления пользователю 508089672: 400: Bad Request: chat not found
2025-10-05T19:00:28: ❌ Ошибка отправки уведомления пользователю 1380457095: 400: Bad Request: chat not found
2025-10-05T19:00:29: ❌ Ошибка отправки уведомления пользователю 1251199322: 400: Bad Request: chat not found
2025-10-05T19:00:29: ❌ Ошибка отправки уведомления пользователю 1365146383: 400: Bad Request: chat not found
2025-10-05T19:00:30: ❌ Ошибка отправки уведомления пользователю 643516711: 400: Bad Request: chat not found
2025-10-05T19:00:30: ❌ Ошибка отправки уведомления пользователю 278622925: 400: Bad Request: chat not found
2025-10-05T19:00:30: ❌ Ошибка отправки уведомления пользователю 1856552252: 400: Bad Request: chat not found
2025-10-05T19:00:30: ❌ Ошибка отправки уведомления пользователю 1047496963: 400: Bad Request: chat not found
2025-10-05T19:00:31: ❌ Ошибка отправки уведомления пользователю 325856843: 400: Bad Request: chat not found
2025-10-05T19:00:31: ❌ Ошибка отправки уведомления пользователю 1065567148: 400: Bad Request: chat not found
2025-10-05T19:00:31: ❌ Ошибка отправки уведомления пользователю 6110195795: 400: Bad Request: chat not found
2025-10-05T19:00:32: ❌ Ошибка отправки уведомления пользователю 983874452: 400: Bad Request: chat not found
2025-10-05T19:00:32: ❌ Ошибка отправки уведомления пользователю 595219785: 400: Bad Request: chat not found
2025-10-05T19:00:32: ❌ Ошибка отправки уведомления пользователю 5206834597: 400: Bad Request: chat not found
2025-10-05T19:00:32: ❌ Ошибка отправки уведомления пользователю 642604183: 400: Bad Request: chat not found
2025-10-05T19:00:33: ❌ Ошибка отправки уведомления пользователю 532515390: 400: Bad Request: chat not found
2025-10-05T19:00:33: ❌ Ошибка отправки уведомления пользователю 952957899: 400: Bad Request: chat not found
2025-10-05T19:00:33: ❌ Ошибка отправки уведомления пользователю 411688456: 400: Bad Request: chat not found
2025-10-05T19:00:34: ❌ Ошибка отправки уведомления пользователю 2085260735: 400: Bad Request: chat not found
2025-10-05T19:00:34: ❌ Ошибка отправки уведомления пользователю 1522035595: 400: Bad Request: chat not found
2025-10-05T19:00:34: ❌ Ошибка отправки уведомления пользователю 321552337: 400: Bad Request: chat not found
2025-10-05T19:00:34: ❌ Ошибка отправки уведомления пользователю 736766814: 400: Bad Request: chat not found
2025-10-05T19:00:34: ❌ Ошибка отправки уведомления пользователю 1159515006: 400: Bad Request: chat not found
2025-10-05T19:00:35: ❌ Ошибка отправки уведомления пользователю 5375895369: 400: Bad Request: chat not found
2025-10-05T19:00:35: ❌ Ошибка отправки уведомления пользователю 6922083035: 400: Bad Request: chat not found
2025-10-05T19:00:35: 📊 Результаты отправки уведомлений:
2025-10-05T19:00:35: ✅ Успешно: 1
2025-10-05T19:00:35: ❌ Ошибок: 90
2025-10-05T22:58:25: ✅ Подключение к базе данных успешно
2025-10-05T22:58:25: ⏰ Настроено расписание уведомлений: 18:00 (Europe/Moscow)
2025-10-05T22:58:25: 📅 Cron выражение: 0 18 * * *
