2025-10-05T18:21:46: ✅ Подключение к базе данных успешно
2025-10-05T18:21:46: ⏰ Настроено расписание уведомлений: 18:00 (Europe/Moscow)
2025-10-05T18:21:46: 📅 Cron выражение: 0 18 * * *
2025-10-05T18:39:01: ✅ Подключение к базе данных успешно
2025-10-05T18:39:01: ⏰ Настроено расписание уведомлений: 18:00 (Europe/Moscow)
2025-10-05T18:39:01: 📅 Cron выражение: 0 18 * * *
2025-10-05T18:44:07: ✅ Подключение к базе данных успешно
2025-10-05T18:44:07: ⏰ Настроено расписание уведомлений: 18:00 (Europe/Moscow)
2025-10-05T18:44:07: 📅 Cron выражение: 0 18 * * *
2025-10-05T18:51:42: ✅ Подключение к базе данных успешно
2025-10-05T18:51:42: ⏰ Настроено расписание уведомлений: 18:00 (Europe/Moscow)
2025-10-05T18:51:42: 📅 Cron выражение: 0 18 * * *
2025-10-05T19:00:00: 🕕 Время отправки уведомлений!
2025-10-05T19:00:00: 🔄 Начинаем отправку ежедневных уведомлений...
2025-10-05T19:00:00: 👥 Найдено 91 пользователей для уведомлений
2025-10-05T19:00:16: ✅ Уведомление отправлено: Николай Шадовский (TG: 937011437)
2025-10-05T19:00:35: 📊 Результаты отправки уведомлений:
2025-10-05T19:00:35: ✅ Успешно: 1
2025-10-05T19:00:35: ❌ Ошибок: 90
2025-10-05T22:58:25: ✅ Подключение к базе данных успешно
2025-10-05T22:58:25: ⏰ Настроено расписание уведомлений: 18:00 (Europe/Moscow)
2025-10-05T22:58:25: 📅 Cron выражение: 0 18 * * *
